C:\USERS\ADMIN\DESKTOP\WSU_ERA\DFB\DFB\DEBUG\BINDER.OBJ
C:\USERS\ADMIN\DESKTOP\WSU_ERA\DFB\DFB\DEBUG\BINDERFILE.OBJ
C:\USERS\ADMIN\DESKTOP\WSU_ERA\DFB\DFB\DEBUG\CASTRING.OBJ
C:\USERS\ADMIN\DESKTOP\WSU_ERA\DFB\DFB\DEBUG\CHARARRAY.OBJ
C:\USERS\ADMIN\DESKTOP\WSU_ERA\DFB\DFB\DEBUG\MAIN.OBJ
C:\USERS\ADMIN\DESKTOP\WSU_ERA\DFB\DFB\DEBUG\VC110.PDB
C:\Users\Admin\Desktop\WSU_Era\DFB\DFB\Debug\Binder.obj
C:\Users\Admin\Desktop\WSU_Era\DFB\DFB\Debug\BinderFile.obj
C:\Users\Admin\Desktop\WSU_Era\DFB\DFB\Debug\CAString.obj
C:\Users\Admin\Desktop\WSU_Era\DFB\DFB\Debug\CharArray.obj
C:\Users\Admin\Desktop\WSU_Era\DFB\DFB\Debug\Main.obj
C:\Users\Admin\Desktop\WSU_Era\DFB\DFB\Debug\cl.command.1.tlog
C:\Users\Admin\Desktop\WSU_Era\DFB\DFB\Debug\CL.read.1.tlog
C:\Users\Admin\Desktop\WSU_Era\DFB\DFB\Debug\CL.write.1.tlog
C:\Users\Admin\Desktop\WSU_Era\DFB\DFB\Debug\link-cvtres.read.1.tlog
C:\Users\Admin\Desktop\WSU_Era\DFB\DFB\Debug\link-cvtres.write.1.tlog
C:\Users\Admin\Desktop\WSU_Era\DFB\DFB\Debug\link-rc.read.1.tlog
C:\Users\Admin\Desktop\WSU_Era\DFB\DFB\Debug\link-rc.write.1.tlog
C:\Users\Admin\Desktop\WSU_Era\DFB\DFB\Debug\link.command.1.tlog
C:\Users\Admin\Desktop\WSU_Era\DFB\DFB\Debug\link.read.1.tlog
C:\Users\Admin\Desktop\WSU_Era\DFB\DFB\Debug\link.write.1.tlog
C:\Users\Admin\Desktop\WSU_Era\DFB\DFB\Debug\vc110.idb
C:\Users\Admin\Desktop\WSU_Era\DFB\DFB\Debug\vc110.pdb
C:\Users\Admin\Desktop\WSU_Era\DFB\Debug\DFB.pdb
C:\Users\Admin\Desktop\WSU_Era\DFB\Debug\DFB.ilk
