Build started 2/3/2018 2:33:08 PM.
     1>Project "C:\Users\Admin\Desktop\WSU_Era\DFB\DFB\DFB.vcxproj" on node 2 (Rebuild target(s)).
     1>ClCompile:
         C:\Program Files (x86)\Microsoft Visual Studio 11.0\VC\bin\CL.exe /c /ZI /nologo /W3 /WX- /Od /Oy- /D WIN32 /D _DEBUG /D _CONSOLE /D _UNICODE /D UNICODE /Gm /EHsc /RTC1 /MDd /GS /fp:precise /Zc:wchar_t /Zc:forScope /Fo"Debug\\" /Fd"Debug\vc110.pdb" /Gd /TP /analyze- /errorReport:prompt Binder.cpp BinderFile.cpp CAString.cpp CharArray.cpp Main.cpp
         Main.cpp
         CharArray.cpp
         CAString.cpp
         BinderFile.cpp
     1>c:\users\admin\desktop\wsu_era\dfb\dfb\binderfile.cpp(156): warning C4244: 'initializing' : conversion from 'std::streamoff' to 'size_t', possible loss of data
     1>c:\users\admin\desktop\wsu_era\dfb\dfb\binderfile.cpp(250): warning C4244: 'initializing' : conversion from 'std::streamoff' to 'unsigned int', possible loss of data
     1>c:\users\admin\desktop\wsu_era\dfb\dfb\binderfile.cpp(292): warning C4996: 'mbstowcs': This function or variable may be unsafe. Consider using mbstowcs_s instead. To disable deprecation, use _CRT_SECURE_NO_WARNINGS. See online help for details.
                 c:\program files (x86)\microsoft visual studio 11.0\vc\include\stdlib.h(515) : see declaration of 'mbstowcs'
         Binder.cpp
     1>c:\users\admin\desktop\wsu_era\dfb\dfb\binder.cpp(10): warning C4244: 'initializing' : conversion from 'std::streamoff' to 'unsigned int', possible loss of data
     1>c:\users\admin\desktop\wsu_era\dfb\dfb\binder.cpp(35): warning C4244: 'initializing' : conversion from 'std::streamoff' to 'unsigned int', possible loss of data
     1>c:\users\admin\desktop\wsu_era\dfb\dfb\binder.cpp(63): warning C4244: '=' : conversion from 'std::streamoff' to 'unsigned int', possible loss of data
         Generating Code...
       Link:
         C:\Program Files (x86)\Microsoft Visual Studio 11.0\VC\bin\link.exe /ERRORREPORT:PROMPT /OUT:"C:\Users\Admin\Desktop\WSU_Era\DFB\Debug\DFB.exe" /INCREMENTAL /NOLOGO kernel32.lib user32.lib gdi32.lib winspool.lib comdlg32.lib advapi32.lib shell32.lib ole32.lib oleaut32.lib uuid.lib odbc32.lib odbccp32.lib /MANIFEST /MANIFESTUAC:"level='asInvoker' uiAccess='false'" /manifest:embed /DEBUG /PDB:"C:\Users\Admin\Desktop\WSU_Era\DFB\Debug\DFB.pdb" /SUBSYSTEM:CONSOLE /TLBID:1 /DYNAMICBASE /NXCOMPAT /IMPLIB:"C:\Users\Admin\Desktop\WSU_Era\DFB\Debug\DFB.lib" /MACHINE:X86 Debug\Binder.obj
         Debug\BinderFile.obj
         Debug\CAString.obj
         Debug\CharArray.obj
         Debug\Main.obj
         DFB.vcxproj -> C:\Users\Admin\Desktop\WSU_Era\DFB\Debug\DFB.exe
     1>Done Building Project "C:\Users\Admin\Desktop\WSU_Era\DFB\DFB\DFB.vcxproj" (Rebuild target(s)).

Build succeeded.

Time Elapsed 00:00:03.08
